<?xml version="1.0" encoding="UTF-8"?>
<!-- Generated by org.testng.reporters.JUnitReportReporter -->
<testsuite hostname="Sai-PC" name="day19.MouseHover" tests="1" failures="0" timestamp="6 Aug 2016 03:57:39 GMT" time="1.563" errors="0">
  <testcase name="mouseHoverTest" time="1.563" classname="day19.MouseHover"/>
</testsuite> <!-- day19.MouseHover -->
