<?xml version="1.0" encoding="UTF-8"?>
<!-- Generated by org.testng.reporters.JUnitReportReporter -->
<testsuite hostname="Sai-PC" name="day12.CaptchaAutomation" tests="1" failures="0" timestamp="27 Jul 2016 04:40:50 GMT" time="18.022" errors="0">
  <testcase name="captchaTest" time="18.022" classname="day12.CaptchaAutomation"/>
</testsuite> <!-- day12.CaptchaAutomation -->
