<?xml version="1.0" encoding="UTF-8"?>
<!-- Generated by org.testng.reporters.JUnitReportReporter -->
<testsuite hostname="Sai-PC" name="day19.DragandDrop" tests="1" failures="0" timestamp="6 Aug 2016 04:38:06 GMT" time="1.134" errors="0">
  <testcase name="dragandDropTest" time="1.134" classname="day19.DragandDrop"/>
</testsuite> <!-- day19.DragandDrop -->
