<?xml version="1.0" encoding="UTF-8"?>
<!-- Generated by org.testng.reporters.JUnitReportReporter -->
<testsuite hostname="Sai-PC" name="day24.DatadrivenTesting2" tests="1" failures="0" timestamp="18 Aug 2016 04:08:04 GMT" time="18.865" errors="0">
  <testcase name="registrationTest" time="18.865" classname="day24.DatadrivenTesting2"/>
</testsuite> <!-- day24.DatadrivenTesting2 -->
