<?xml version="1.0" encoding="UTF-8"?>
<!-- Generated by org.testng.reporters.JUnitReportReporter -->
<testsuite hostname="Sai-PC" name="day20.WebtableTesting2" tests="1" failures="0" timestamp="8 Aug 2016 04:16:09 GMT" time="28.146" errors="0">
  <testcase name="webtableTest" time="28.146" classname="day20.WebtableTesting2"/>
</testsuite> <!-- day20.WebtableTesting2 -->
