<?xml version="1.0" encoding="UTF-8"?>
<!-- Generated by org.testng.reporters.JUnitReportReporter -->
<testsuite hostname="Sai-PC" name="day27.DropdownOnGrid" tests="2" failures="0" timestamp="22 Aug 2016 04:36:00 GMT" time="132.934" errors="0">
  <testcase name="dropdownTest" time="109.070" classname="day27.DropdownOnGrid"/>
  <testcase name="dropdownTest" time="23.864" classname="day27.DropdownOnGrid"/>
</testsuite> <!-- day27.DropdownOnGrid -->
