<?xml version="1.0" encoding="UTF-8"?>
<!-- Generated by org.testng.reporters.JUnitReportReporter -->
<testsuite hostname="Sai-PC" name="day19.RightClick" tests="1" failures="0" timestamp="6 Aug 2016 04:17:00 GMT" time="2.027" errors="0">
  <testcase name="rightClickTest" time="2.027" classname="day19.RightClick"/>
</testsuite> <!-- day19.RightClick -->
