<?xml version="1.0" encoding="UTF-8"?>
<!-- Generated by org.testng.reporters.JUnitReportReporter -->
<testsuite hostname="Sai-PC" name="day13.XpathCreation2" tests="1" failures="0" timestamp="28 Jul 2016 04:32:02 GMT" time="23.908" errors="0">
  <testcase name="xpathTest" time="23.908" classname="day13.XpathCreation2"/>
</testsuite> <!-- day13.XpathCreation2 -->
