<?xml version="1.0" encoding="UTF-8"?>
<!-- Generated by org.testng.reporters.JUnitReportReporter -->
<testsuite hostname="Sai-PC" name="day22.ExcelWebtable" tests="1" failures="0" timestamp="10 Aug 2016 04:32:17 GMT" time="29.457" errors="0">
  <testcase name="webtableTest" time="29.457" classname="day22.ExcelWebtable"/>
</testsuite> <!-- day22.ExcelWebtable -->
