<?xml version="1.0" encoding="UTF-8"?>
<!-- Generated by org.testng.reporters.JUnitReportReporter -->
<testsuite hostname="Sai-PC" name="day29.TestCase1" tests="1" failures="0" timestamp="26 Aug 2016 04:50:47 GMT" time="30.413" errors="0">
  <testcase name="loginTest" time="30.413" classname="day29.TestCase1"/>
</testsuite> <!-- day29.TestCase1 -->
