<?xml version="1.0" encoding="UTF-8"?>
<!-- Generated by org.testng.reporters.JUnitReportReporter -->
<testsuite hostname="Sai-PC" name="BrowserStack" tests="1" failures="0" timestamp="6 Aug 2016 12:58:26 GMT" time="17.535" errors="0">
  <testcase name="sampleTest" time="17.535" classname="BrowserStack"/>
</testsuite> <!-- BrowserStack -->
