<?xml version="1.0" encoding="UTF-8"?>
<!-- Generated by org.testng.reporters.JUnitReportReporter -->
<testsuite hostname="Sai-PC" name="day20.DynamicWebtable" tests="1" failures="0" timestamp="8 Aug 2016 04:38:28 GMT" time="22.745" errors="0">
  <testcase name="webtableTest" time="22.745" classname="day20.DynamicWebtable"/>
</testsuite> <!-- day20.DynamicWebtable -->
