<?xml version="1.0" encoding="UTF-8"?>
<!-- Generated by org.testng.reporters.JUnitReportReporter -->
<testsuite hostname="Sai-PC" name="day12.CheckBoxTesting2" tests="1" failures="0" timestamp="27 Jul 2016 04:16:42 GMT" time="26.411" errors="0">
  <testcase name="checkBoxTest" time="26.411" classname="day12.CheckBoxTesting2"/>
</testsuite> <!-- day12.CheckBoxTesting2 -->
