<?xml version="1.0" encoding="UTF-8"?>
<!-- Generated by org.testng.reporters.JUnitReportReporter -->
<testsuite hostname="Sai-PC" name="day12.CheckBoxTesting1" tests="1" failures="0" timestamp="27 Jul 2016 04:01:56 GMT" time="2.722" errors="0">
  <testcase name="checkBoxTest" time="2.722" classname="day12.CheckBoxTesting1"/>
</testsuite> <!-- day12.CheckBoxTesting1 -->
