<?xml version="1.0" encoding="UTF-8"?>
<!-- Generated by org.testng.reporters.JUnitReportReporter -->
<testsuite hostname="Sai-PC" name="day16.ExplicitWait_WebDriverwait" tests="1" failures="0" timestamp="2 Aug 2016 04:46:55 GMT" time="7.266" errors="0">
  <testcase name="waitTest" time="7.266" classname="day16.ExplicitWait_WebDriverwait"/>
</testsuite> <!-- day16.ExplicitWait_WebDriverwait -->
