<?xml version="1.0" encoding="UTF-8"?>
<!-- Generated by org.testng.reporters.JUnitReportReporter -->
<testsuite hostname="Sai-PC" name="day16.DynamicCSSSelectors" tests="1" failures="0" timestamp="2 Aug 2016 03:56:10 GMT" time="19.816" errors="0">
  <testcase name="cssTest" time="19.816" classname="day16.DynamicCSSSelectors"/>
</testsuite> <!-- day16.DynamicCSSSelectors -->
