<?xml version="1.0" encoding="UTF-8"?>
<!-- Generated by org.testng.reporters.JUnitReportReporter -->
<testsuite hostname="Sai-PC" name="day18.FramesTesting" tests="1" failures="0" timestamp="5 Aug 2016 04:44:14 GMT" time="9.630" errors="0">
  <testcase name="framestest" time="9.630" classname="day18.FramesTesting"/>
</testsuite> <!-- day18.FramesTesting -->
