<?xml version="1.0" encoding="UTF-8"?>
<!-- Generated by org.testng.reporters.JUnitReportReporter -->
<testsuite hostname="Sai-PC" name="day17.MultipleWindows" tests="1" failures="0" timestamp="3 Aug 2016 04:38:42 GMT" time="19.589" errors="0">
  <testcase name="windowTest" time="19.589" classname="day17.MultipleWindows"/>
</testsuite> <!-- day17.MultipleWindows -->
