<?xml version="1.0" encoding="UTF-8"?>
<!-- Generated by org.testng.reporters.JUnitReportReporter -->
<testsuite hostname="Sai-PC" name="day22.AlertHandling" tests="1" failures="0" timestamp="10 Aug 2016 04:57:33 GMT" time="29.980" errors="0">
  <testcase name="alertTest" time="29.980" classname="day22.AlertHandling"/>
</testsuite> <!-- day22.AlertHandling -->
