<?xml version="1.0" encoding="UTF-8"?>
<!-- Generated by org.testng.reporters.JUnitReportReporter -->
<testsuite hostname="Sai-PC" name="day13.XpathCreation" tests="1" failures="0" timestamp="28 Jul 2016 04:17:35 GMT" time="3.819" errors="0">
  <testcase name="xpathTest" time="3.819" classname="day13.XpathCreation"/>
</testsuite> <!-- day13.XpathCreation -->
