<?xml version="1.0" encoding="UTF-8"?>
<!-- Generated by org.testng.reporters.JUnitReportReporter -->
<testsuite hostname="Sai-PC" name="day29.TestCase2" tests="1" failures="0" timestamp="27 Aug 2016 04:23:53 GMT" time="51.592" errors="0">
  <testcase name="registrationTest" time="51.592" classname="day29.TestCase2"/>
</testsuite> <!-- day29.TestCase2 -->
