<?xml version="1.0" encoding="UTF-8"?>
<!-- Generated by org.testng.reporters.JUnitReportReporter -->
<testsuite hostname="Sai-PC" name="day16.ImplicitWaitExample" tests="1" failures="0" timestamp="2 Aug 2016 04:25:22 GMT" time="116.889" errors="0">
  <testcase name="waitTest" time="116.889" classname="day16.ImplicitWaitExample"/>
</testsuite> <!-- day16.ImplicitWaitExample -->
