<?xml version="1.0" encoding="UTF-8"?>
<!-- Generated by org.testng.reporters.JUnitReportReporter -->
<testsuite hostname="Sai-PC" name="day17.FluentWaitExample" tests="1" failures="0" timestamp="3 Aug 2016 03:59:49 GMT" time="6.185" errors="0">
  <testcase name="waitTest" time="6.185" classname="day17.FluentWaitExample"/>
</testsuite> <!-- day17.FluentWaitExample -->
