<?xml version="1.0" encoding="UTF-8"?>
<!-- Generated by org.testng.reporters.JUnitReportReporter -->
<testsuite hostname="Sai-PC" name="day25.testsuite.Login" tests="1" failures="0" timestamp="19 Aug 2016 04:44:34 GMT" time="50.556" errors="0">
  <testcase name="loginTest" time="50.556" classname="day25.testsuite.Login"/>
</testsuite> <!-- day25.testsuite.Login -->
