<?xml version="1.0" encoding="UTF-8"?>
<!-- Generated by org.testng.reporters.JUnitReportReporter -->
<testsuite hostname="Sai-PC" name="day23.DatadrivenTesting1" tests="1" failures="0" timestamp="17 Aug 2016 04:49:38 GMT" time="11.312" errors="0">
  <testcase name="loginTest" time="11.312" classname="day23.DatadrivenTesting1"/>
</testsuite> <!-- day23.DatadrivenTesting1 -->
