<?xml version="1.0" encoding="UTF-8"?>
<!-- Generated by org.testng.reporters.JUnitReportReporter -->
<testsuite hostname="Sai-PC" name="day19.DragandDrop1" tests="1" failures="0" timestamp="6 Aug 2016 04:28:12 GMT" time="0.954" errors="0">
  <testcase name="dragandDropTest" time="0.954" classname="day19.DragandDrop1"/>
</testsuite> <!-- day19.DragandDrop1 -->
