<?xml version="1.0" encoding="UTF-8"?>
<!-- Generated by org.testng.reporters.JUnitReportReporter -->
<testsuite hostname="Sai-PC" name="day19.SliderAutomation" tests="1" failures="0" timestamp="6 Aug 2016 04:52:23 GMT" time="2.364" errors="0">
  <testcase name="sliderTest" time="2.364" classname="day19.SliderAutomation"/>
</testsuite> <!-- day19.SliderAutomation -->
