<?xml version="1.0" encoding="UTF-8"?>
<!-- Generated by org.testng.reporters.JUnitReportReporter -->
<testsuite hostname="Sai-PC" name="day20.WebtableTesting1" tests="1" failures="0" timestamp="8 Aug 2016 03:59:46 GMT" time="8.875" errors="0">
  <testcase name="webtableTest" time="8.875" classname="day20.WebtableTesting1"/>
</testsuite> <!-- day20.WebtableTesting1 -->
