<?xml version="1.0" encoding="UTF-8"?>
<!-- Generated by org.testng.reporters.JUnitReportReporter -->
<testsuite hostname="Sai-PC" name="day25.testsuite.FlightConfirmation" tests="1" failures="0" timestamp="19 Aug 2016 04:44:34 GMT" time="0.122" errors="0">
  <testcase name="flightConfirmtest" time="0.122" classname="day25.testsuite.FlightConfirmation"/>
</testsuite> <!-- day25.testsuite.FlightConfirmation -->
