<?xml version="1.0" encoding="UTF-8"?>
<!-- Generated by org.testng.reporters.JUnitReportReporter -->
<testsuite hostname="Sai-PC" name="day25.testsuite.SelectAFlight" tests="1" failures="0" timestamp="19 Aug 2016 04:44:34 GMT" time="4.218" errors="0">
  <testcase name="selectAFlightTest" time="4.218" classname="day25.testsuite.SelectAFlight"/>
</testsuite> <!-- day25.testsuite.SelectAFlight -->
