<?xml version="1.0" encoding="UTF-8"?>
<!-- Generated by org.testng.reporters.JUnitReportReporter -->
<testsuite hostname="Sai-PC" name="day18.AjaxTesting" tests="1" failures="0" timestamp="5 Aug 2016 04:17:54 GMT" time="3.474" errors="0">
  <testcase name="ajaxTest" time="3.474" classname="day18.AjaxTesting"/>
</testsuite> <!-- day18.AjaxTesting -->
