<?xml version="1.0" encoding="UTF-8"?>
<!-- Generated by org.testng.reporters.JUnitReportReporter -->
<testsuite hostname="Sai-PC" name="day24.LoginusingProperties" tests="1" failures="0" timestamp="18 Aug 2016 04:38:50 GMT" time="6.783" errors="0">
  <testcase name="loginTest" time="6.783" classname="day24.LoginusingProperties"/>
</testsuite> <!-- day24.LoginusingProperties -->
