<?xml version="1.0" encoding="UTF-8"?>
<!-- Generated by org.testng.reporters.JUnitReportReporter -->
<testsuite hostname="Sai-PC" name="com.orangehrm.testsuite.AddEmployee" tests="2" failures="0" timestamp="6 Sep 2016 05:01:03 GMT" time="240.143" errors="0">
  <testcase name="addEmpoyeeTest" time="118.527" classname="com.orangehrm.testsuite.AddEmployee"/>
  <testcase name="addEmpoyeeTest" time="121.616" classname="com.orangehrm.testsuite.AddEmployee"/>
</testsuite> <!-- com.orangehrm.testsuite.AddEmployee -->
