<?xml version="1.0" encoding="UTF-8"?>
<!-- Generated by org.testng.reporters.JUnitReportReporter -->
<testsuite hostname="Sai-PC" name="com.orangehrm.testsuite.Login" tests="2" failures="0" timestamp="6 Sep 2016 05:01:03 GMT" time="55.442" errors="0">
  <testcase name="loginTest" time="35.006" classname="com.orangehrm.testsuite.Login"/>
  <testcase name="loginTest" time="20.436" classname="com.orangehrm.testsuite.Login"/>
</testsuite> <!-- com.orangehrm.testsuite.Login -->
