<?xml version="1.0" encoding="UTF-8"?>
<!-- Generated by org.testng.reporters.JUnitReportReporter -->
<testsuite hostname="Sai-PC" name="DropdownExcel" tests="1" failures="0" timestamp="10 Aug 2016 04:10:04 GMT" time="73.894" errors="0">
  <testcase name="dropdownTest" time="73.894" classname="DropdownExcel"/>
</testsuite> <!-- DropdownExcel -->
